#
# There is insufficient memory for the Java Runtime Environment to continue.
# Native memory allocation (malloc) failed to allocate 1048576 bytes for AllocateHeap
# Possible reasons:
#   The system is out of physical RAM or swap space
#   The process is running with CompressedOops enabled, and the Java Heap may be blocking the growth of the native heap
# Possible solutions:
#   Reduce memory load on the system
#   Increase physical memory or swap space
#   Check if swap backing store is full
#   Decrease Java heap size (-Xmx/-Xms)
#   Decrease number of Java threads
#   Decrease Java thread stack sizes (-Xss)
#   Set larger code cache with -XX:ReservedCodeCacheSize=
#   JVM is running with Zero Based Compressed Oops mode in which the Java heap is
#     placed in the first 32GB address space. The Java Heap base address is the
#     maximum limit for the native heap growth. Please use -XX:HeapBaseMinAddress
#     to set the Java Heap base and to place the Java Heap above 32GB virtual address.
# This output file may be truncated or incomplete.
#
#  Out of Memory Error (memory/allocation.inline.hpp:61), pid=33152, tid=0x00000000000049c0
#
# JRE version:  (8.0_361) (build )
# Java VM: Java HotSpot(TM) 64-Bit Server VM (25.361-b09 mixed mode windows-amd64 compressed oops)
# Failed to write core dump. Minidumps are not enabled by default on client versions of Windows
#

---------------  T H R E A D  ---------------

Current thread (0x0000010fac170000):  JavaThread "Unknown thread" [_thread_in_vm, id=18880, stack(0x00000001ccb00000,0x00000001ccc00000)]

Stack: [0x00000001ccb00000,0x00000001ccc00000]
Native frames: (J=compiled Java code, j=interpreted, Vv=VM code, C=native code)
V  [jvm.dll+0x3317a9]


---------------  P R O C E S S  ---------------

Java Threads: ( => current thread )

Other Threads:

=>0x0000010fac170000 (exited) JavaThread "Unknown thread" [_thread_in_vm, id=18880, stack(0x00000001ccb00000,0x00000001ccc00000)]

VM state:not at safepoint (normal execution)

VM Mutex/Monitor currently owned by a thread: None

heap address: 0x00000006c0800000, size: 4088 MB, Compressed Oops mode: Zero based, Oop shift amount: 3
Narrow klass base: 0x0000000000000000, Narrow klass shift: 3
Compressed class space size: 1073741824 Address: 0x00000007c0000000

Heap:
 PSYoungGen      total 76288K, used 1310K [0x000000076ad80000, 0x0000000770280000, 0x00000007c0000000)
  eden space 65536K, 2% used [0x000000076ad80000,0x000000076aec7af0,0x000000076ed80000)
  from space 10752K, 0% used [0x000000076f800000,0x000000076f800000,0x0000000770280000)
  to   space 10752K, 0% used [0x000000076ed80000,0x000000076ed80000,0x000000076f800000)
 ParOldGen       total 175104K, used 0K [0x00000006c0800000, 0x00000006cb300000, 0x000000076ad80000)
  object space 175104K, 0% used [0x00000006c0800000,0x00000006c0800000,0x00000006cb300000)
 Metaspace       used 751K, capacity 4480K, committed 4480K, reserved 1056768K
  class space    used 76K, capacity 384K, committed 384K, reserved 1048576K

Card table byte_map: [0x0000010fbce20000,0x0000010fbd620000] byte_map_base: 0x0000010fb981c000

Marking Bits: (ParMarkBitMap*) 0x0000000051a8b090
 Begin Bits: [0x0000010fbdb80000, 0x0000010fc1b60000)
 End Bits:   [0x0000010fc1b60000, 0x0000010fc5b40000)

Polling page: 0x0000010fada30000

CodeCache: size=245760Kb used=329Kb max_used=329Kb free=245430Kb
 bounds [0x0000010fada60000, 0x0000010fadcd0000, 0x0000010fbca60000]
 total_blobs=58 nmethods=0 adapters=38
 compilation: enabled

Compilation events (0 events):
No events

GC Heap History (0 events):
No events

Deoptimization events (0 events):
No events

Classes redefined (0 events):
No events

Internal exceptions (0 events):
No events

Events (10 events):
Event: 0.365 loading class java/lang/Short
Event: 0.365 loading class java/lang/Short done
Event: 0.365 loading class java/lang/Integer
Event: 0.365 loading class java/lang/Integer done
Event: 0.365 loading class java/lang/Long
Event: 0.365 loading class java/lang/Long done
Event: 0.366 loading class java/lang/NullPointerException
Event: 0.366 loading class java/lang/NullPointerException done
Event: 0.366 loading class java/lang/ArithmeticException
Event: 0.366 loading class java/lang/ArithmeticException done


Dynamic libraries:
0x00007ff7efa60000 - 0x00007ff7efaa7000 	C:\Program Files\Java\jre1.8.0_361\bin\javaw.exe
0x00007ffffdb50000 - 0x00007ffffdd48000 	C:\Windows\SYSTEM32\ntdll.dll
0x00007ffffd650000 - 0x00007ffffd70f000 	C:\Windows\System32\KERNEL32.DLL
0x00007ffffb4c0000 - 0x00007ffffb792000 	C:\Windows\System32\KERNELBASE.dll
0x00007ffffbb90000 - 0x00007ffffbc3e000 	C:\Windows\System32\ADVAPI32.dll
0x00007ffffccf0000 - 0x00007ffffcd8e000 	C:\Windows\System32\msvcrt.dll
0x00007ffffcc50000 - 0x00007ffffccec000 	C:\Windows\System32\sechost.dll
0x00007ffffcd90000 - 0x00007ffffceb5000 	C:\Windows\System32\RPCRT4.dll
0x00007ffffc830000 - 0x00007ffffc9d1000 	C:\Windows\System32\USER32.dll
0x00007ffffba00000 - 0x00007ffffba22000 	C:\Windows\System32\win32u.dll
0x00007ffffbe90000 - 0x00007ffffbebb000 	C:\Windows\System32\GDI32.dll
0x00007ffffb8a0000 - 0x00007ffffb9af000 	C:\Windows\System32\gdi32full.dll
0x00007ffffba30000 - 0x00007ffffbacd000 	C:\Windows\System32\msvcp_win.dll
0x00007ffffb7a0000 - 0x00007ffffb8a0000 	C:\Windows\System32\ucrtbase.dll
0x00007fffefad0000 - 0x00007fffefd6a000 	C:\Windows\WinSxS\amd64_microsoft.windows.common-controls_6595b64144ccf1df_6.0.19041.1110_none_60b5254171f9507e\COMCTL32.dll
0x00007ffffcec0000 - 0x00007ffffcef2000 	C:\Windows\System32\IMM32.DLL
0x00007fffdce90000 - 0x00007fffdcea5000 	C:\Program Files\Java\jre1.8.0_361\bin\vcruntime140.dll
0x00007fffae640000 - 0x00007fffae6db000 	C:\Program Files\Java\jre1.8.0_361\bin\msvcp140.dll
0x00000000512a0000 - 0x0000000051b03000 	C:\Program Files\Java\jre1.8.0_361\bin\server\jvm.dll
0x00007ffffda80000 - 0x00007ffffda88000 	C:\Windows\System32\PSAPI.DLL
0x00007ffff20b0000 - 0x00007ffff20d7000 	C:\Windows\SYSTEM32\WINMM.dll
0x00007ffff1f60000 - 0x00007ffff1f69000 	C:\Windows\SYSTEM32\WSOCK32.dll
0x00007ffff5a00000 - 0x00007ffff5a0a000 	C:\Windows\SYSTEM32\VERSION.dll
0x00007ffffd850000 - 0x00007ffffd8bb000 	C:\Windows\System32\WS2_32.dll
0x00007ffff9120000 - 0x00007ffff9132000 	C:\Windows\SYSTEM32\kernel.appcore.dll
0x00007ffff0e60000 - 0x00007ffff0e70000 	C:\Program Files\Java\jre1.8.0_361\bin\verify.dll
0x00007fffcaa10000 - 0x00007fffcaa3b000 	C:\Program Files\Java\jre1.8.0_361\bin\java.dll
0x00007ffff0460000 - 0x00007ffff0478000 	C:\Program Files\Java\jre1.8.0_361\bin\zip.dll

VM Arguments:
jvm_args: -Dfile.encoding=UTF-8 
java_command: 생성자맛보기.겨울철음식3
java_class_path (initial): G:\java08\bin
Launcher Type: SUN_STANDARD

Environment Variables:
PATH=C:/Program Files/Java/jre1.8.0_361/bin/server;C:/Program Files/Java/jre1.8.0_361/bin;C:/Program Files/Java/jre1.8.0_361/lib/amd64;C:\Program Files\Common Files\Oracle\Java\javapath;C:\Program Files (x86)\Common Files\Oracle\Java\javapath;C:\Windows\system32;C:\Windows;C:\Windows\System32\Wbem;C:\Windows\System32\WindowsPowerShell\v1.0\;C:\Windows\System32\OpenSSH\;C:\Program Files\NVIDIA Corporation\NVIDIA NvDLISR;C:\Program Files (x86)\NVIDIA Corporation\PhysX\Common;C:\Users\jyj12\AppData\Local\Microsoft\WindowsApps;;C:\Users\jyj12\AppData\Local\Programs\Microsoft VS Code\bin;C:\Users\jyj12\AppData\Local\afreeca;C:\eclipse;
USERNAME=jyj12
OS=Windows_NT
PROCESSOR_IDENTIFIER=Intel64 Family 6 Model 158 Stepping 10, GenuineIntel



---------------  S Y S T E M  ---------------

OS: Windows 10 , 64 bit Build 19041 (10.0.19041.2364)

CPU:total 6 (initial active 6) (6 cores per cpu, 1 threads per core) family 6 model 158 stepping 10, cmov, cx8, fxsr, mmx, sse, sse2, sse3, ssse3, sse4.1, sse4.2, popcnt, avx, avx2, aes, clmul, erms, 3dnowpref, lzcnt, tsc, tscinvbit, bmi1, bmi2, adx

Memory: 4k page, physical 16738272k(5962796k free), swap 67069920k(5168k free)

vm_info: Java HotSpot(TM) 64-Bit Server VM (25.361-b09) for windows-amd64 JRE (1.8.0_361-b09), built on Jan  9 2023 08:38:53 by "java_re" with MS VC++ 15.9 (VS2017)

time: Wed Feb 15 17:50:44 2023
timezone: Intel64 Family 6 Model 158 Stepping 10, GenuineIntel
elapsed time: 0.371120 seconds (0d 0h 0m 0s)

